<?xml version="1.0" encoding="UTF-8"?>
<!-- Generated by org.testng.reporters.JUnitXMLReporter -->
<testsuite ignored="1" hostname="DESKTOP-UFG51E6" failures="0" tests="1" name="Default test" time="0.081" errors="0" timestamp="2021-02-04T16:17:22 CET">
  <testcase classname="qaclickacademy.Mavenjava.AppiumTest" name="NativeAppAndroid" time="0.015"/>
  <testcase classname="qaclickacademy.Mavenjava.AppiumTest" name="IOSApps" time="0.0">
    <ignored/>
  </testcase> <!-- IOSApps -->
</testsuite> <!-- Default test -->
