<?xml version="1.0" encoding="UTF-8"?>
<!-- Generated by org.testng.reporters.JUnitXMLReporter -->
<testsuite ignored="0" hostname="DESKTOP-UFG51E6" failures="0" tests="13" name="Command line test" time="0.109" errors="0" timestamp="2021-03-04T22:20:20 CET">
  <testcase classname="qaclickacademy.Mavenjava.AppiumTest" name="IOSApps" time="0.015"/>
  <testcase classname="qaclickacademy.Mavenjava.AppiumTest" name="NativeAppAndroid" time="0.0"/>
  <testcase classname="qaclickacademy.Mavenjava.RESTAPITest" name="deleteTwitter" time="0.001"/>
  <testcase classname="qaclickacademy.Mavenjava.RESTAPITest" name="postJira" time="0.001"/>
  <testcase classname="qaclickacademy.Mavenjava.RESTAPItestingTest" name="deleteTwitter" time="0.0"/>
  <testcase classname="qaclickacademy.Mavenjava.RESTAPItestingTest" name="postJira" time="0.0"/>
  <testcase classname="qaclickacademy.Mavenjava.Selenium2testingTest" name="BrowserAutomation" time="0.001"/>
  <testcase classname="qaclickacademy.Mavenjava.Selenium2testingTest" name="elementsUi" time="0.002"/>
  <testcase classname="qaclickacademy.Mavenjava.SeleniumatestingTest" name="BrowserAutomation" time="0.001"/>
  <testcase classname="qaclickacademy.Mavenjava.SeleniumatestingTest" name="elementsUi" time="0.001"/>
  <testcase classname="qaclickacademy.Mavenjava.SeleniumTest" name="BrowserAutomation" time="0.002"/>
  <testcase classname="qaclickacademy.Mavenjava.SeleniumTest" name="elementsUi" time="0.0"/>
  <testcase classname="SeleniumTest" name="elementsUi" time="0.002"/>
</testsuite> <!-- Command line test -->
