<?xml version="1.0" encoding="UTF-8"?>
<testng-results ignored="0" total="13" passed="13" failed="0" skipped="0">
  <reporter-output>
  </reporter-output>
  <suite started-at="2021-03-04T22:20:20 CET" name="Command line suite" finished-at="2021-03-04T22:20:20 CET" duration-ms="109">
    <groups>
    </groups>
    <test started-at="2021-03-04T22:20:20 CET" name="Command line test" finished-at="2021-03-04T22:20:20 CET" duration-ms="109">
      <class name="qaclickacademy.Mavenjava.AppiumTest">
        <test-method signature="IOSApps()[pri:0, instance:qaclickacademy.Mavenjava.AppiumTest@6a79c292]" started-at="2021-03-04T22:20:20 CET" name="IOSApps" finished-at="2021-03-04T22:20:20 CET" duration-ms="15" status="PASS">
          <reporter-output>
          </reporter-output>
        </test-method> <!-- IOSApps -->
        <test-method signature="NativeAppAndroid()[pri:0, instance:qaclickacademy.Mavenjava.AppiumTest@6a79c292]" started-at="2021-03-04T22:20:20 CET" name="NativeAppAndroid" finished-at="2021-03-04T22:20:20 CET" duration-ms="0" status="PASS">
          <reporter-output>
          </reporter-output>
        </test-method> <!-- NativeAppAndroid -->
      </class> <!-- qaclickacademy.Mavenjava.AppiumTest -->
      <class name="qaclickacademy.Mavenjava.RESTAPITest">
        <test-method signature="deleteTwitter()[pri:0, instance:qaclickacademy.Mavenjava.RESTAPITest@37574691]" started-at="2021-03-04T22:20:20 CET" name="deleteTwitter" finished-at="2021-03-04T22:20:20 CET" duration-ms="1" status="PASS">
          <reporter-output>
          </reporter-output>
        </test-method> <!-- deleteTwitter -->
        <test-method signature="postJira()[pri:0, instance:qaclickacademy.Mavenjava.RESTAPITest@37574691]" started-at="2021-03-04T22:20:20 CET" name="postJira" finished-at="2021-03-04T22:20:20 CET" duration-ms="1" status="PASS">
          <reporter-output>
          </reporter-output>
        </test-method> <!-- postJira -->
      </class> <!-- qaclickacademy.Mavenjava.RESTAPITest -->
      <class name="qaclickacademy.Mavenjava.RESTAPItestingTest">
        <test-method signature="deleteTwitter()[pri:0, instance:qaclickacademy.Mavenjava.RESTAPItestingTest@25359ed8]" started-at="2021-03-04T22:20:20 CET" name="deleteTwitter" finished-at="2021-03-04T22:20:20 CET" duration-ms="0" status="PASS">
          <reporter-output>
          </reporter-output>
        </test-method> <!-- deleteTwitter -->
        <test-method signature="postJira()[pri:0, instance:qaclickacademy.Mavenjava.RESTAPItestingTest@25359ed8]" started-at="2021-03-04T22:20:20 CET" name="postJira" finished-at="2021-03-04T22:20:20 CET" duration-ms="0" status="PASS">
          <reporter-output>
          </reporter-output>
        </test-method> <!-- postJira -->
      </class> <!-- qaclickacademy.Mavenjava.RESTAPItestingTest -->
      <class name="qaclickacademy.Mavenjava.SeleniumatestingTest">
        <test-method signature="BrowserAutomation()[pri:0, instance:qaclickacademy.Mavenjava.SeleniumatestingTest@5606c0b]" started-at="2021-03-04T22:20:20 CET" name="BrowserAutomation" finished-at="2021-03-04T22:20:20 CET" duration-ms="1" status="PASS">
          <reporter-output>
          </reporter-output>
        </test-method> <!-- BrowserAutomation -->
        <test-method signature="elementsUi()[pri:0, instance:qaclickacademy.Mavenjava.SeleniumatestingTest@5606c0b]" started-at="2021-03-04T22:20:20 CET" name="elementsUi" finished-at="2021-03-04T22:20:20 CET" duration-ms="1" status="PASS">
          <reporter-output>
          </reporter-output>
        </test-method> <!-- elementsUi -->
      </class> <!-- qaclickacademy.Mavenjava.SeleniumatestingTest -->
      <class name="SeleniumTest">
        <test-method signature="elementsUi()[pri:0, instance:SeleniumTest@1445d7f]" started-at="2021-03-04T22:20:20 CET" name="elementsUi" finished-at="2021-03-04T22:20:20 CET" duration-ms="2" status="PASS">
          <reporter-output>
          </reporter-output>
        </test-method> <!-- elementsUi -->
      </class> <!-- SeleniumTest -->
      <class name="qaclickacademy.Mavenjava.Selenium2testingTest">
        <test-method signature="BrowserAutomation()[pri:0, instance:qaclickacademy.Mavenjava.Selenium2testingTest@21a947fe]" started-at="2021-03-04T22:20:20 CET" name="BrowserAutomation" finished-at="2021-03-04T22:20:20 CET" duration-ms="1" status="PASS">
          <reporter-output>
          </reporter-output>
        </test-method> <!-- BrowserAutomation -->
        <test-method signature="elementsUi()[pri:0, instance:qaclickacademy.Mavenjava.Selenium2testingTest@21a947fe]" started-at="2021-03-04T22:20:20 CET" name="elementsUi" finished-at="2021-03-04T22:20:20 CET" duration-ms="2" status="PASS">
          <reporter-output>
          </reporter-output>
        </test-method> <!-- elementsUi -->
      </class> <!-- qaclickacademy.Mavenjava.Selenium2testingTest -->
      <class name="qaclickacademy.Mavenjava.SeleniumTest">
        <test-method signature="BrowserAutomation()[pri:0, instance:qaclickacademy.Mavenjava.SeleniumTest@80ec1f8]" started-at="2021-03-04T22:20:20 CET" name="BrowserAutomation" finished-at="2021-03-04T22:20:20 CET" duration-ms="2" status="PASS">
          <reporter-output>
          </reporter-output>
        </test-method> <!-- BrowserAutomation -->
        <test-method signature="elementsUi()[pri:0, instance:qaclickacademy.Mavenjava.SeleniumTest@80ec1f8]" started-at="2021-03-04T22:20:20 CET" name="elementsUi" finished-at="2021-03-04T22:20:20 CET" duration-ms="0" status="PASS">
          <reporter-output>
          </reporter-output>
        </test-method> <!-- elementsUi -->
      </class> <!-- qaclickacademy.Mavenjava.SeleniumTest -->
    </test> <!-- Command line test -->
  </suite> <!-- Command line suite -->
</testng-results>
