<?xml version="1.0" encoding="UTF-8" ?>
<testsuite tests="13" failures="0" name="TestSuite" time="0.03" errors="0" skipped="0">
  <properties>
[...]
</properties>
  <testcase classname="qaclickacademy.Mavenjava.AppiumTest" name="IOSApps" time="0.018"/>
  <testcase classname="qaclickacademy.Mavenjava.AppiumTest" name="NativeAppAndroid" time="0"/>
  <testcase classname="qaclickacademy.Mavenjava.RESTAPITest" name="deleteTwitter" time="0.001"/>
  <testcase classname="qaclickacademy.Mavenjava.RESTAPITest" name="postJira" time="0"/>
  <testcase classname="qaclickacademy.Mavenjava.RESTAPItestingTest" name="deleteTwitter" time="0.001"/>
  <testcase classname="qaclickacademy.Mavenjava.RESTAPItestingTest" name="postJira" time="0.001"/>
  <testcase classname="qaclickacademy.Mavenjava.Selenium2testingTest" name="BrowserAutomation" time="0.001"/>
  <testcase classname="qaclickacademy.Mavenjava.Selenium2testingTest" name="elementsUi" time="0.001"/>
  <testcase classname="qaclickacademy.Mavenjava.SeleniumatestingTest" name="BrowserAutomation" time="0.001"/>
  <testcase classname="qaclickacademy.Mavenjava.SeleniumatestingTest" name="elementsUi" time="0.001"/>
  <testcase classname="qaclickacademy.Mavenjava.SeleniumTest" name="BrowserAutomation" time="0.002"/>
  <testcase classname="qaclickacademy.Mavenjava.SeleniumTest" name="elementsUi" time="0.001"/>
  <testcase classname="SeleniumTest" name="elementsUi" time="0.002"/>
</testsuite>