<?xml version="1.0" encoding="UTF-8"?>
<testng-results ignored="1" total="2" passed="1" failed="0" skipped="0">
  <reporter-output>
  </reporter-output>
  <suite started-at="2021-02-04T16:17:22 CET" name="Default suite" finished-at="2021-02-04T16:17:22 CET" duration-ms="81">
    <groups>
    </groups>
    <test started-at="2021-02-04T16:17:22 CET" name="Default test" finished-at="2021-02-04T16:17:22 CET" duration-ms="81">
      <class name="qaclickacademy.Mavenjava.AppiumTest">
        <test-method signature="NativeAppAndroid()[pri:0, instance:qaclickacademy.Mavenjava.AppiumTest@619713e5]" started-at="2021-02-04T16:17:22 CET" name="NativeAppAndroid" finished-at="2021-02-04T16:17:22 CET" duration-ms="15" status="PASS">
          <reporter-output>
          </reporter-output>
        </test-method> <!-- NativeAppAndroid -->
      </class> <!-- qaclickacademy.Mavenjava.AppiumTest -->
    </test> <!-- Default test -->
  </suite> <!-- Default suite -->
</testng-results>
