<?xml version="1.0" encoding="UTF-8"?>
<testng-results ignored="0" total="1" passed="1" failed="0" skipped="0">
  <reporter-output>
  </reporter-output>
  <suite started-at="2021-03-05T22:26:25 CET" name="Default suite" finished-at="2021-03-05T22:26:32 CET" duration-ms="6872">
    <groups>
    </groups>
    <test started-at="2021-03-05T22:26:25 CET" name="Default test" finished-at="2021-03-05T22:26:32 CET" duration-ms="6872">
      <class name="qaclickacademy.ExtentReports.ExtentReportDemo">
        <test-method is-config="true" signature="config()[pri:0, instance:qaclickacademy.ExtentReports.ExtentReportDemo@49b0b76]" started-at="2021-03-05T22:26:25 CET" name="config" finished-at="2021-03-05T22:26:25 CET" duration-ms="309" status="PASS">
          <reporter-output>
          </reporter-output>
        </test-method> <!-- config -->
        <test-method signature="initialDemo()[pri:0, instance:qaclickacademy.ExtentReports.ExtentReportDemo@49b0b76]" started-at="2021-03-05T22:26:25 CET" name="initialDemo" finished-at="2021-03-05T22:26:32 CET" duration-ms="6518" status="PASS">
          <reporter-output>
          </reporter-output>
        </test-method> <!-- initialDemo -->
      </class> <!-- qaclickacademy.ExtentReports.ExtentReportDemo -->
    </test> <!-- Default test -->
  </suite> <!-- Default suite -->
</testng-results>
